<?xml version="1.0" encoding="UTF-8"?>
<!-- Generated by org.testng.reporters.JUnitXMLReporter -->
<testsuite ignored="1" hostname="Iris_flash" failures="0" tests="2" name="Test" time="17.506" errors="0" timestamp="2026-01-18T20:22:48 IST">
  <testcase classname="testCases.TC001_AccountRegistration_Test" name="verify_account_registration" time="4.469"/>
  <testcase classname="testCases.TC002_LoginTest" name="verify_login" time="2.975"/>
  <testcase classname="testCases.TC003_LoginUsingDDTC" name="Verify_LoginUsingDDT" time="0.0">
    <ignored/>
  </testcase> <!-- Verify_LoginUsingDDT -->
</testsuite> <!-- Test -->
