<?xml version="1.0" encoding="UTF-8"?>
<!-- Generated by org.testng.reporters.JUnitXMLReporter -->
<testsuite ignored="1" hostname="Iris_flash" failures="0" tests="2" name="Test" time="13.509" errors="0" timestamp="2026-01-17T06:55:12 IST">
  <testcase classname="testCases.TC001_AccountRegistration_Test" name="verify_account_registration" time="5.922"/>
  <testcase classname="testCases.TC002_LoginTest" name="verify_login" time="1.754"/>
  <testcase classname="testCases.TC003_LoginUsingDDTC" name="Verify_LoginUsingDDT" time="0.0">
    <ignored/>
  </testcase> <!-- Verify_LoginUsingDDT -->
</testsuite> <!-- Test -->
