<?xml version="1.0" encoding="UTF-8"?>
<!-- Generated by org.testng.reporters.JUnitXMLReporter -->
<testsuite ignored="0" hostname="Iris_flash" failures="3" tests="6" name="Test" time="57.389" errors="0" timestamp="2026-01-15T10:28:40 IST">
  <testcase classname="testCases.TC003_LoginUsingDDTC" name="Verify_LoginUsingDDT" time="10.957">
    <failure type="java.lang.AssertionError" message="expected [true] but found [false]">
      <![CDATA[java.lang.AssertionError: expected [true] but found [false]
at testCases.TC003_LoginUsingDDTC.Verify_LoginUsingDDT(TC003_LoginUsingDDTC.java:49)
at java.base/java.util.ArrayList.forEach(ArrayList.java:1596)
... Removed 29 stack frames]]>
    </failure>
  </testcase> <!-- Verify_LoginUsingDDT -->
  <testcase classname="testCases.TC003_LoginUsingDDTC" name="Verify_LoginUsingDDT" time="11.435">
    <failure type="java.lang.AssertionError" message="expected [true] but found [false]">
      <![CDATA[java.lang.AssertionError: expected [true] but found [false]
at testCases.TC003_LoginUsingDDTC.Verify_LoginUsingDDT(TC003_LoginUsingDDTC.java:49)
at java.base/java.util.ArrayList.forEach(ArrayList.java:1596)
... Removed 29 stack frames]]>
    </failure>
  </testcase> <!-- Verify_LoginUsingDDT -->
  <testcase classname="testCases.TC003_LoginUsingDDTC" name="Verify_LoginUsingDDT" time="11.357">
    <failure type="java.lang.AssertionError" message="expected [true] but found [false]">
      <![CDATA[java.lang.AssertionError: expected [true] but found [false]
at testCases.TC003_LoginUsingDDTC.Verify_LoginUsingDDT(TC003_LoginUsingDDTC.java:49)
at java.base/java.util.ArrayList.forEach(ArrayList.java:1596)
... Removed 29 stack frames]]>
    </failure>
  </testcase> <!-- Verify_LoginUsingDDT -->
  <testcase classname="testCases.TC003_LoginUsingDDTC" name="Verify_LoginUsingDDT" time="1.876"/>
  <testcase classname="testCases.TC003_LoginUsingDDTC" name="Verify_LoginUsingDDT" time="11.39"/>
  <testcase classname="testCases.TC003_LoginUsingDDTC" name="Verify_LoginUsingDDT" time="2.168"/>
</testsuite> <!-- Test -->
