<?xml version="1.0" encoding="UTF-8"?>
<testsuite xmlns:xsi="http://www.w3.org/2001/XMLSchema-instance" xsi:noNamespaceSchemaLocation="https://maven.apache.org/surefire/maven-surefire-plugin/xsd/surefire-test-report.xsd" version="3.0.2" name="TestSuite" time="19.28" tests="2" errors="0" skipped="0" failures="0">
  <properties>
[...]
</properties>
  <testcase name="verify_account_registration" classname="testCases.TC001_AccountRegistration_Test" time="4.491">
    <system-out><![CDATA[20:22:30.168 [main] DEBUG org.testng.TestNG - suiteXmlPath: "C:\Users\srikh\eclipse-workspace\openCart_v121\Master.xml"
20:22:35.876 [main] INFO  testCases.TC001_AccountRegistration_Test - ***** Start of TC001_AccountRegistration_Test *****
20:22:36.095 [main] INFO  testCases.TC001_AccountRegistration_Test - Clicked on My Account link
20:22:37.632 [main] INFO  testCases.TC001_AccountRegistration_Test - Clicked on Registration link
20:22:37.638 [main] INFO  testCases.TC001_AccountRegistration_Test - Providing Customer Details
20:22:40.289 [main] INFO  testCases.TC001_AccountRegistration_Test - Validating expected confirmation message
20:22:40.338 [main] INFO  testCases.TC001_AccountRegistration_Test - ***** Account Registration Test Passed *****
20:22:40.339 [main] INFO  testCases.TC001_AccountRegistration_Test - *********  Finished TC001_AccountRegistration_Test   **************
]]></system-out>
    <system-err><![CDATA[Jan 18, 2026 8:22:31 PM org.openqa.selenium.devtools.CdpVersionFinder findNearestMatch
WARNING: Unable to find an exact match for CDP version 144, returning the closest version; found: 143; Please update to a Selenium version that supports CDP version 144
]]></system-err>
  </testcase>
  <testcase name="verify_login" classname="testCases.TC002_LoginTest" time="2.976">
    <system-out><![CDATA[20:22:44.743 [main] INFO  testCases.TC002_LoginTest - **********Starting of TC002_LoginTest**********
20:22:47.717 [main] INFO  testCases.TC002_LoginTest - **********Finished TC002_LoginTest**********
]]></system-out>
    <system-err><![CDATA[Jan 18, 2026 8:22:41 PM org.openqa.selenium.devtools.CdpVersionFinder findNearestMatch
WARNING: Unable to find an exact match for CDP version 144, returning the closest version; found: 143; Please update to a Selenium version that supports CDP version 144
]]></system-err>
  </testcase>
</testsuite>