<?xml version="1.0" encoding="UTF-8"?>
<testng-results ignored="1" total="3" passed="2" failed="0" skipped="0">
  <reporter-output>
  </reporter-output>
  <suite started-at="2026-01-18T20:22:30 IST" name="Master Suite" finished-at="2026-01-18T20:22:47 IST" duration-ms="17506">
    <groups>
      <group name="Master">
        <method signature="TC001_AccountRegistration_Test.verify_account_registration()[pri:0, instance:testCases.TC001_AccountRegistration_Test@4b40f651]" name="verify_account_registration" class="testCases.TC001_AccountRegistration_Test"/>
        <method signature="TC002_LoginTest.verify_login()[pri:0, instance:testCases.TC002_LoginTest@5ce8d869]" name="verify_login" class="testCases.TC002_LoginTest"/>
      </group> <!-- Master -->
      <group name="Sanity">
        <method signature="TC002_LoginTest.verify_login()[pri:0, instance:testCases.TC002_LoginTest@5ce8d869]" name="verify_login" class="testCases.TC002_LoginTest"/>
      </group> <!-- Sanity -->
      <group name="Regression">
        <method signature="TC001_AccountRegistration_Test.verify_account_registration()[pri:0, instance:testCases.TC001_AccountRegistration_Test@4b40f651]" name="verify_account_registration" class="testCases.TC001_AccountRegistration_Test"/>
      </group> <!-- Regression -->
    </groups>
    <test started-at="2026-01-18T20:22:30 IST" name="Test" finished-at="2026-01-18T20:22:47 IST" duration-ms="17506">
      <class name="testCases.TC002_LoginTest">
        <test-method is-config="true" signature="setup(java.lang.String,java.lang.String)[pri:0, instance:testCases.TC002_LoginTest@5ce8d869]" started-at="2026-01-18T20:22:40 IST" name="setup" finished-at="2026-01-18T20:22:44 IST" duration-ms="4116" status="PASS">
          <params>
            <param index="0">
              <value>
                <![CDATA[windows]]>
              </value>
            </param>
            <param index="1">
              <value>
                <![CDATA[edge]]>
              </value>
            </param>
          </params>
          <reporter-output>
          </reporter-output>
        </test-method> <!-- setup -->
        <test-method signature="verify_login()[pri:0, instance:testCases.TC002_LoginTest@5ce8d869]" started-at="2026-01-18T20:22:44 IST" name="verify_login" finished-at="2026-01-18T20:22:47 IST" duration-ms="2975" status="PASS">
          <reporter-output>
          </reporter-output>
        </test-method> <!-- verify_login -->
        <test-method is-config="true" signature="tearDown()[pri:0, instance:testCases.TC002_LoginTest@5ce8d869]" started-at="2026-01-18T20:22:47 IST" name="tearDown" finished-at="2026-01-18T20:22:47 IST" duration-ms="172" status="PASS">
          <reporter-output>
          </reporter-output>
        </test-method> <!-- tearDown -->
      </class> <!-- testCases.TC002_LoginTest -->
      <class name="testCases.TC001_AccountRegistration_Test">
        <test-method is-config="true" signature="setup(java.lang.String,java.lang.String)[pri:0, instance:testCases.TC001_AccountRegistration_Test@4b40f651]" started-at="2026-01-18T20:22:30 IST" name="setup" finished-at="2026-01-18T20:22:35 IST" duration-ms="5307" status="PASS">
          <params>
            <param index="0">
              <value>
                <![CDATA[windows]]>
              </value>
            </param>
            <param index="1">
              <value>
                <![CDATA[edge]]>
              </value>
            </param>
          </params>
          <reporter-output>
          </reporter-output>
        </test-method> <!-- setup -->
        <test-method signature="verify_account_registration()[pri:0, instance:testCases.TC001_AccountRegistration_Test@4b40f651]" started-at="2026-01-18T20:22:35 IST" name="verify_account_registration" finished-at="2026-01-18T20:22:40 IST" duration-ms="4469" status="PASS">
          <reporter-output>
          </reporter-output>
        </test-method> <!-- verify_account_registration -->
        <test-method is-config="true" signature="tearDown()[pri:0, instance:testCases.TC001_AccountRegistration_Test@4b40f651]" started-at="2026-01-18T20:22:40 IST" name="tearDown" finished-at="2026-01-18T20:22:40 IST" duration-ms="261" status="PASS">
          <reporter-output>
          </reporter-output>
        </test-method> <!-- tearDown -->
      </class> <!-- testCases.TC001_AccountRegistration_Test -->
    </test> <!-- Test -->
  </suite> <!-- Master Suite -->
</testng-results>
