<?xml version="1.0" encoding="UTF-8"?>
<!-- Generated by org.testng.reporters.JUnitReportReporter -->
<testsuite hostname="Iris_flash" failures="0" tests="2" name="testCases.TC001_AccountRegistration_Test" time="5.431" errors="0" timestamp="2026-01-18T07:43:23 IST" skipped="0">
  <testcase classname="testCases.TC001_AccountRegistration_Test" name="verify_account_registration" time="3.254"/>
  <testcase classname="testCases.TC001_AccountRegistration_Test" name="verify_account_registration" time="2.177"/>
</testsuite> <!-- testCases.TC001_AccountRegistration_Test -->
